<?xml version="1.0" encoding="UTF-8"?>
<!-- Generated by org.testng.reporters.JUnitReportReporter -->
<testsuite hostname="DESKTOP-LSVL14J" failures="0" tests="1" name="com.todos.tests.AddTodosTest" time="9.524" errors="0" timestamp="2025-04-02T21:27:18 GMT+01:00" skipped="0">
  <testcase classname="com.todos.tests.AddTodosTest" name="iAddToDo" time="9.524"/>
  <system-out/>
</testsuite> <!-- com.todos.tests.AddTodosTest -->
